<?xml version="1.0" encoding="UTF-8"?>
<testsuites>
    <testsuite name="force.apex" timestamp="2017-05-23T18:32:33+12:00" hostname="https://force-customization-5858-dev-ed.cs70.my.salesforce.com" tests="3" failures="0"  errors="0"  time="0.17">
        <properties>
            <property name="outcome" value="Passed"/>
            <property name="testsRan" value="3"/>
            <property name="passing" value="3"/>
            <property name="failing" value="0"/>
            <property name="passRate" value="100%"/>
            <property name="failRate" value="0%"/>
            <property name="testStartTime" value="May 23, 2017 6:32 PM"/>
            <property name="testExecutionTime" value="0.17 s"/>
            <property name="testTotalTime" value="0.17 s"/>
            <property name="commandTime" value="4.5 s"/>
            <property name="testRunId" value="7073D000000DNwz"/>
            <property name="hostname" value="https://force-customization-5858-dev-ed.cs70.my.salesforce.com"/>
            <property name="orgId" value="00D3D0000008fkgUAA"/>
            <property name="username" value="scratchorg1495521121594@nzdevelopermeetup.com"/>
            <property name="userId" value="0053D000000MB0LQAW"/>
        </properties>
        <testcase name="testCreateContactFailure" classname="DXDemoControllerTest"  time="0.07">
        </testcase>
        <testcase name="testCreateContactSuccess" classname="DXDemoControllerTest"  time="0.09">
        </testcase>
        <testcase name="testSLDSPageMessagesController" classname="SLDSPageMessagesControllerTest"  time="0.01">
        </testcase>
    </testsuite>
</testsuites>
